2026-01-08 15:14:34 INFO  com.example.rest.RestApplication - Starting RestApplication using Java 21.0.9 with PID 23192 (C:\Users\Dell\Desktop\proj\REST\target\classes started by Dell in C:\Users\Dell\Desktop\proj\REST)
2026-01-08 15:14:34 INFO  com.example.rest.RestApplication - No active profile set, falling back to 1 default profile: "default"
2026-01-08 15:14:34 INFO  o.s.d.r.c.RepositoryConfigurationDelegate - Bootstrapping Spring Data JPA repositories in DEFAULT mode.
2026-01-08 15:14:34 INFO  o.s.d.r.c.RepositoryConfigurationDelegate - Finished Spring Data repository scanning in 25 ms. Found 1 JPA repository interface.
2026-01-08 15:14:34 INFO  o.s.boot.tomcat.TomcatWebServer - Tomcat initialized with port 8080 (http)
2026-01-08 15:14:35 INFO  o.a.coyote.http11.Http11NioProtocol - Initializing ProtocolHandler ["http-nio-8080"]
2026-01-08 15:14:35 INFO  o.a.catalina.core.StandardService - Starting service [Tomcat]
2026-01-08 15:14:35 INFO  o.a.catalina.core.StandardEngine - Starting Servlet engine: [Apache Tomcat/11.0.15]
2026-01-08 15:14:35 INFO  o.s.b.w.c.s.WebApplicationContextInitializer - Root WebApplicationContext: initialization completed in 1011 ms
2026-01-08 15:14:35 INFO  com.zaxxer.hikari.HikariDataSource - HikariPool-1 - Starting...
2026-01-08 15:14:35 INFO  com.zaxxer.hikari.pool.HikariPool - HikariPool-1 - Added connection conn0: url=jdbc:h2:mem:booksdb user=SA
2026-01-08 15:14:35 INFO  com.zaxxer.hikari.HikariDataSource - HikariPool-1 - Start completed.
2026-01-08 15:14:35 INFO  org.hibernate.orm.jpa - HHH008540: Processing PersistenceUnitInfo [name: default]
2026-01-08 15:14:35 INFO  org.hibernate.orm.core - HHH000001: Hibernate ORM core version 7.2.0.Final
2026-01-08 15:14:35 INFO  o.s.o.j.p.SpringPersistenceUnitInfo - No LoadTimeWeaver setup: ignoring JPA class transformer
2026-01-08 15:14:35 WARN  org.hibernate.orm.deprecation - HHH90000025: H2Dialect does not need to be specified explicitly using 'hibernate.dialect' (remove the property setting and it will be selected by default)
2026-01-08 15:14:35 INFO  o.hibernate.orm.connections.pooling - HHH10001005: Database info:
	Database JDBC URL [jdbc:h2:mem:booksdb]
	Database driver: H2 JDBC Driver
	Database dialect: H2Dialect
	Database version: 2.4.240
	Default catalog/schema: BOOKSDB/PUBLIC
	Autocommit mode: undefined/unknown
	Isolation level: READ_COMMITTED [default READ_COMMITTED]
	JDBC fetch size: 100
	Pool: DataSourceConnectionProvider
	Minimum pool size: undefined/unknown
	Maximum pool size: undefined/unknown
2026-01-08 15:14:36 INFO  org.hibernate.orm.core - HHH000489: No JTA platform available (set 'hibernate.transaction.jta.platform' to enable JTA platform integration)
2026-01-08 15:14:36 INFO  o.s.o.j.LocalContainerEntityManagerFactoryBean - Initialized JPA EntityManagerFactory for persistence unit 'default'
2026-01-08 15:14:36 INFO  o.s.d.j.r.q.QueryEnhancerFactories - Hibernate is in classpath; If applicable, HQL parser will be used.
2026-01-08 15:14:36 WARN  o.s.b.j.a.JpaBaseConfiguration$JpaWebConfiguration - spring.jpa.open-in-view is enabled by default. Therefore, database queries may be performed during view rendering. Explicitly configure spring.jpa.open-in-view to disable this warning
2026-01-08 15:14:36 INFO  o.s.v.b.OptionalValidatorFactoryBean - Failed to set up a Bean Validation provider: jakarta.validation.NoProviderFoundException: Unable to create a Configuration, because no Jakarta Validation provider could be found. Add a provider like Hibernate Validator (RI) to your classpath.
2026-01-08 15:14:36 INFO  o.s.b.h.a.H2ConsoleAutoConfiguration - H2 console available at '/h2-console'. Database available at 'jdbc:h2:mem:booksdb'
2026-01-08 15:14:36 INFO  o.a.coyote.http11.Http11NioProtocol - Starting ProtocolHandler ["http-nio-8080"]
2026-01-08 15:14:36 INFO  o.s.boot.tomcat.TomcatWebServer - Tomcat started on port 8080 (http) with context path '/'
2026-01-08 15:14:36 INFO  com.example.rest.RestApplication - Started RestApplication in 3.168 seconds (process running for 3.724)
2026-01-08 15:15:23 INFO  o.a.c.c.C.[Tomcat].[localhost].[/] - Initializing Spring DispatcherServlet 'dispatcherServlet'
2026-01-08 15:15:23 INFO  o.s.web.servlet.DispatcherServlet - Initializing Servlet 'dispatcherServlet'
2026-01-08 15:15:23 INFO  o.s.web.servlet.DispatcherServlet - Completed initialization in 3 ms
2026-01-08 15:15:41 INFO  c.e.rest.service.BookServiceImpl - Fetching all books, page 0, size 10, sorted asc
2026-01-08 15:15:47 INFO  o.s.boot.tomcat.GracefulShutdown - Commencing graceful shutdown. Waiting for active requests to complete
2026-01-08 15:15:47 INFO  o.s.boot.tomcat.GracefulShutdown - Graceful shutdown complete
2026-01-08 15:15:47 INFO  o.s.o.j.LocalContainerEntityManagerFactoryBean - Closing JPA EntityManagerFactory for persistence unit 'default'
2026-01-08 15:15:47 INFO  com.zaxxer.hikari.HikariDataSource - HikariPool-1 - Shutdown initiated...
2026-01-08 15:15:47 INFO  com.zaxxer.hikari.HikariDataSource - HikariPool-1 - Shutdown completed.
2026-01-08 15:18:34 INFO  com.example.rest.RestApplication - Starting RestApplication using Java 21.0.9 with PID 3340 (C:\Users\Dell\Desktop\proj\REST\target\classes started by Dell in C:\Users\Dell\Desktop\proj\REST)
2026-01-08 15:18:34 INFO  com.example.rest.RestApplication - No active profile set, falling back to 1 default profile: "default"
2026-01-08 15:18:35 INFO  o.s.d.r.c.RepositoryConfigurationDelegate - Bootstrapping Spring Data JPA repositories in DEFAULT mode.
2026-01-08 15:18:35 INFO  o.s.d.r.c.RepositoryConfigurationDelegate - Finished Spring Data repository scanning in 24 ms. Found 1 JPA repository interface.
2026-01-08 15:18:35 INFO  o.s.boot.tomcat.TomcatWebServer - Tomcat initialized with port 8080 (http)
2026-01-08 15:18:35 INFO  o.a.coyote.http11.Http11NioProtocol - Initializing ProtocolHandler ["http-nio-8080"]
2026-01-08 15:18:35 INFO  o.a.catalina.core.StandardService - Starting service [Tomcat]
2026-01-08 15:18:35 INFO  o.a.catalina.core.StandardEngine - Starting Servlet engine: [Apache Tomcat/11.0.15]
2026-01-08 15:18:35 INFO  o.s.b.w.c.s.WebApplicationContextInitializer - Root WebApplicationContext: initialization completed in 780 ms
2026-01-08 15:18:35 INFO  com.zaxxer.hikari.HikariDataSource - HikariPool-1 - Starting...
2026-01-08 15:18:35 INFO  com.zaxxer.hikari.pool.HikariPool - HikariPool-1 - Added connection conn0: url=jdbc:h2:mem:booksdb user=SA
2026-01-08 15:18:35 INFO  com.zaxxer.hikari.HikariDataSource - HikariPool-1 - Start completed.
2026-01-08 15:18:35 INFO  org.hibernate.orm.jpa - HHH008540: Processing PersistenceUnitInfo [name: default]
2026-01-08 15:18:35 INFO  org.hibernate.orm.core - HHH000001: Hibernate ORM core version 7.2.0.Final
2026-01-08 15:18:36 INFO  o.s.o.j.p.SpringPersistenceUnitInfo - No LoadTimeWeaver setup: ignoring JPA class transformer
2026-01-08 15:18:36 WARN  org.hibernate.orm.deprecation - HHH90000025: H2Dialect does not need to be specified explicitly using 'hibernate.dialect' (remove the property setting and it will be selected by default)
2026-01-08 15:18:36 INFO  o.hibernate.orm.connections.pooling - HHH10001005: Database info:
	Database JDBC URL [jdbc:h2:mem:booksdb]
	Database driver: H2 JDBC Driver
	Database dialect: H2Dialect
	Database version: 2.4.240
	Default catalog/schema: BOOKSDB/PUBLIC
	Autocommit mode: undefined/unknown
	Isolation level: READ_COMMITTED [default READ_COMMITTED]
	JDBC fetch size: 100
	Pool: DataSourceConnectionProvider
	Minimum pool size: undefined/unknown
	Maximum pool size: undefined/unknown
2026-01-08 15:18:36 INFO  org.hibernate.orm.core - HHH000489: No JTA platform available (set 'hibernate.transaction.jta.platform' to enable JTA platform integration)
2026-01-08 15:18:36 INFO  o.s.o.j.LocalContainerEntityManagerFactoryBean - Initialized JPA EntityManagerFactory for persistence unit 'default'
2026-01-08 15:18:36 INFO  o.s.d.j.r.q.QueryEnhancerFactories - Hibernate is in classpath; If applicable, HQL parser will be used.
2026-01-08 15:18:36 WARN  o.s.b.j.a.JpaBaseConfiguration$JpaWebConfiguration - spring.jpa.open-in-view is enabled by default. Therefore, database queries may be performed during view rendering. Explicitly configure spring.jpa.open-in-view to disable this warning
2026-01-08 15:18:37 INFO  o.s.v.b.OptionalValidatorFactoryBean - Failed to set up a Bean Validation provider: jakarta.validation.NoProviderFoundException: Unable to create a Configuration, because no Jakarta Validation provider could be found. Add a provider like Hibernate Validator (RI) to your classpath.
2026-01-08 15:18:37 INFO  o.s.b.h.a.H2ConsoleAutoConfiguration - H2 console available at '/h2-console'. Database available at 'jdbc:h2:mem:booksdb'
2026-01-08 15:18:37 INFO  o.a.coyote.http11.Http11NioProtocol - Starting ProtocolHandler ["http-nio-8080"]
2026-01-08 15:18:37 INFO  o.s.boot.tomcat.TomcatWebServer - Tomcat started on port 8080 (http) with context path '/'
2026-01-08 15:18:37 INFO  com.example.rest.RestApplication - Started RestApplication in 2.763 seconds (process running for 3.187)
2026-01-08 15:18:40 INFO  o.a.c.c.C.[Tomcat].[localhost].[/] - Initializing Spring DispatcherServlet 'dispatcherServlet'
2026-01-08 15:18:40 INFO  o.s.web.servlet.DispatcherServlet - Initializing Servlet 'dispatcherServlet'
2026-01-08 15:18:40 INFO  o.s.web.servlet.DispatcherServlet - Completed initialization in 2 ms
2026-01-08 15:18:40 INFO  c.e.rest.controller.BookController - GET /books called with author=null, page=0, size=10, sortDir=asc
2026-01-08 15:18:40 INFO  c.e.rest.service.BookServiceImpl - Fetching all books
2026-01-08 15:21:05 INFO  o.s.boot.tomcat.GracefulShutdown - Commencing graceful shutdown. Waiting for active requests to complete
2026-01-08 15:21:05 INFO  o.s.boot.tomcat.GracefulShutdown - Graceful shutdown complete
2026-01-08 15:21:05 INFO  o.s.o.j.LocalContainerEntityManagerFactoryBean - Closing JPA EntityManagerFactory for persistence unit 'default'
2026-01-08 15:21:05 INFO  com.zaxxer.hikari.HikariDataSource - HikariPool-1 - Shutdown initiated...
2026-01-08 15:21:05 INFO  com.zaxxer.hikari.HikariDataSource - HikariPool-1 - Shutdown completed.
2026-01-08 15:22:23 INFO  com.example.rest.RestApplication - Starting RestApplication using Java 21.0.9 with PID 11568 (C:\Users\Dell\Desktop\proj\REST\target\classes started by Dell in C:\Users\Dell\Desktop\proj\REST)
2026-01-08 15:22:23 INFO  com.example.rest.RestApplication - No active profile set, falling back to 1 default profile: "default"
2026-01-08 15:22:24 INFO  o.s.d.r.c.RepositoryConfigurationDelegate - Bootstrapping Spring Data JPA repositories in DEFAULT mode.
2026-01-08 15:22:24 INFO  o.s.d.r.c.RepositoryConfigurationDelegate - Finished Spring Data repository scanning in 49 ms. Found 1 JPA repository interface.
2026-01-08 15:22:24 INFO  o.s.boot.tomcat.TomcatWebServer - Tomcat initialized with port 8080 (http)
2026-01-08 15:22:24 INFO  o.a.coyote.http11.Http11NioProtocol - Initializing ProtocolHandler ["http-nio-8080"]
2026-01-08 15:22:24 INFO  o.a.catalina.core.StandardService - Starting service [Tomcat]
2026-01-08 15:22:24 INFO  o.a.catalina.core.StandardEngine - Starting Servlet engine: [Apache Tomcat/11.0.15]
2026-01-08 15:22:24 INFO  o.s.b.w.c.s.WebApplicationContextInitializer - Root WebApplicationContext: initialization completed in 1245 ms
2026-01-08 15:22:25 INFO  com.zaxxer.hikari.HikariDataSource - HikariPool-1 - Starting...
2026-01-08 15:22:25 INFO  com.zaxxer.hikari.pool.HikariPool - HikariPool-1 - Added connection conn0: url=jdbc:h2:mem:booksdb user=SA
2026-01-08 15:22:25 INFO  com.zaxxer.hikari.HikariDataSource - HikariPool-1 - Start completed.
2026-01-08 15:22:25 INFO  org.hibernate.orm.jpa - HHH008540: Processing PersistenceUnitInfo [name: default]
2026-01-08 15:22:25 INFO  org.hibernate.orm.core - HHH000001: Hibernate ORM core version 7.2.0.Final
2026-01-08 15:22:25 INFO  o.s.o.j.p.SpringPersistenceUnitInfo - No LoadTimeWeaver setup: ignoring JPA class transformer
2026-01-08 15:22:25 WARN  org.hibernate.orm.deprecation - HHH90000025: H2Dialect does not need to be specified explicitly using 'hibernate.dialect' (remove the property setting and it will be selected by default)
2026-01-08 15:22:25 INFO  o.hibernate.orm.connections.pooling - HHH10001005: Database info:
	Database JDBC URL [jdbc:h2:mem:booksdb]
	Database driver: H2 JDBC Driver
	Database dialect: H2Dialect
	Database version: 2.4.240
	Default catalog/schema: BOOKSDB/PUBLIC
	Autocommit mode: undefined/unknown
	Isolation level: READ_COMMITTED [default READ_COMMITTED]
	JDBC fetch size: 100
	Pool: DataSourceConnectionProvider
	Minimum pool size: undefined/unknown
	Maximum pool size: undefined/unknown
2026-01-08 15:22:26 INFO  org.hibernate.orm.core - HHH000489: No JTA platform available (set 'hibernate.transaction.jta.platform' to enable JTA platform integration)
2026-01-08 15:22:26 INFO  o.s.o.j.LocalContainerEntityManagerFactoryBean - Initialized JPA EntityManagerFactory for persistence unit 'default'
2026-01-08 15:22:26 INFO  o.s.d.j.r.q.QueryEnhancerFactories - Hibernate is in classpath; If applicable, HQL parser will be used.
2026-01-08 15:22:26 WARN  o.s.b.j.a.JpaBaseConfiguration$JpaWebConfiguration - spring.jpa.open-in-view is enabled by default. Therefore, database queries may be performed during view rendering. Explicitly configure spring.jpa.open-in-view to disable this warning
2026-01-08 15:22:26 INFO  o.s.v.b.OptionalValidatorFactoryBean - Failed to set up a Bean Validation provider: jakarta.validation.NoProviderFoundException: Unable to create a Configuration, because no Jakarta Validation provider could be found. Add a provider like Hibernate Validator (RI) to your classpath.
2026-01-08 15:22:26 INFO  o.s.b.h.a.H2ConsoleAutoConfiguration - H2 console available at '/h2-console'. Database available at 'jdbc:h2:mem:booksdb'
2026-01-08 15:22:26 INFO  o.a.coyote.http11.Http11NioProtocol - Starting ProtocolHandler ["http-nio-8080"]
2026-01-08 15:22:26 INFO  o.s.boot.tomcat.TomcatWebServer - Tomcat started on port 8080 (http) with context path '/'
2026-01-08 15:22:26 INFO  com.example.rest.RestApplication - Started RestApplication in 3.715 seconds (process running for 4.148)
2026-01-08 15:22:29 INFO  o.a.c.c.C.[Tomcat].[localhost].[/] - Initializing Spring DispatcherServlet 'dispatcherServlet'
2026-01-08 15:22:29 INFO  o.s.web.servlet.DispatcherServlet - Initializing Servlet 'dispatcherServlet'
2026-01-08 15:22:29 INFO  o.s.web.servlet.DispatcherServlet - Completed initialization in 1 ms
2026-01-08 15:22:29 INFO  c.e.rest.service.BookServiceImpl - Created new book with id 1
2026-01-08 15:23:23 INFO  c.e.rest.controller.BookController - GET /books called with author=null, page=0, size=10, sortDir=asc
2026-01-08 15:23:23 INFO  c.e.rest.service.BookServiceImpl - Fetching all books
2026-01-08 15:24:20 INFO  c.e.rest.controller.BookController - GET /books called with author=Joshua, page=0, size=5, sortDir=asc
2026-01-08 15:24:20 INFO  c.e.rest.service.BookServiceImpl - Fetching books by author='Joshua'
2026-01-08 15:24:33 INFO  c.e.rest.service.BookServiceImpl - Created new book with id 2
2026-01-08 15:24:43 INFO  c.e.rest.controller.BookController - GET /books called with author=Joshua, page=0, size=5, sortDir=asc
2026-01-08 15:24:43 INFO  c.e.rest.service.BookServiceImpl - Fetching books by author='Joshua'
2026-01-08 15:25:06 INFO  c.e.rest.controller.BookController - GET /books called with author=null, page=0, size=10, sortDir=asc
2026-01-08 15:25:06 INFO  c.e.rest.service.BookServiceImpl - Fetching all books
2026-01-08 15:25:23 INFO  c.e.rest.service.BookServiceImpl - Deleted book with id 2
2026-01-08 15:25:23 INFO  c.e.rest.controller.BookController - DELETE /books/2 - Book deleted
2026-01-08 15:25:31 INFO  c.e.rest.controller.BookController - GET /books called with author=null, page=0, size=10, sortDir=asc
2026-01-08 15:25:31 INFO  c.e.rest.service.BookServiceImpl - Fetching all books
2026-01-08 15:25:35 INFO  c.e.rest.controller.BookController - GET /books/1 successful
2026-01-08 15:26:26 INFO  c.e.rest.controller.BookController - GET /books called with author=null, page=0, size=10, sortDir=asc
2026-01-08 15:26:26 INFO  c.e.rest.service.BookServiceImpl - Fetching all books
2026-01-08 15:26:40 INFO  c.e.rest.service.BookServiceImpl - Created new book with id 3
2026-01-08 15:26:55 INFO  c.e.rest.controller.BookController - GET /books called with author=Joshua, page=0, size=5, sortDir=asc
2026-01-08 15:26:55 INFO  c.e.rest.service.BookServiceImpl - Fetching books by author='Joshua'
2026-01-08 15:27:30 INFO  c.e.rest.service.BookServiceImpl - Updated book with id 3
2026-01-08 15:27:30 INFO  c.e.rest.controller.BookController - PUT /books/3 - Book updated
2026-01-08 15:27:46 INFO  c.e.rest.service.BookServiceImpl - Deleted book with id 3
2026-01-08 15:27:46 INFO  c.e.rest.controller.BookController - DELETE /books/3 - Book deleted
